
> backend@0.0.1 start
> nest start

[32m[Nest] 8744  - [39m02/19/2026, 10:47:54 PM [32m    LOG[39m [38;5;3m[NestFactory] [39m[32mStarting Nest application...[39m
[32m[Nest] 8744  - [39m02/19/2026, 10:47:54 PM [32m    LOG[39m [38;5;3m[InstanceLoader] [39m[32mPrismaModule dependencies initialized[39m[38;5;3m +34ms[39m
[32m[Nest] 8744  - [39m02/19/2026, 10:47:54 PM [32m    LOG[39m [38;5;3m[InstanceLoader] [39m[32mConfigHostModule dependencies initialized[39m[38;5;3m +3ms[39m
node.exe : [31m[Nest] 8744  - [39m02/19/2026, 
10:47:54 PM [31m  ERROR[39m 
[38;5;3m[ExceptionHandler] [39mError: 
ENCRYPTION_KEY must be exactly 32 bytes (base64 
encoded)
At C:\Program Files\nodejs\npm.ps1:29 char:3
+   & $NODE_EXE $NPM_CLI_JS $args
+   ~~~~~~~~~~~~~~~~~~~~~~~~~~~~~
    + CategoryInfo          : NotSpecified: ([31 
   m[Nest] 874...base64 encoded):String) [], Rem  
  oteException
    + FullyQualifiedErrorId : NativeCommandError
 
    at new CredentialService [90m(D:\GarudaUI\int
ern_kranthi_unified_state\backend\[39msrc\project
\services\credential.service.ts:18:19[90m)[39m
    at Injector.instantiateClass [90m(D:\GarudaUI
\intern_kranthi_unified_state\backend\[39mnode_mo
dules\[4m@nestjs[24m\core\injector\injector.js:4
22:19[90m)[39m
    at callback [90m(D:\GarudaUI\intern_kranthi_u
nified_state\backend\[39mnode_modules\[4m@nestjs
[24m\core\injector\injector.js:70:45[90m)[39m
    at async Injector.resolveConstructorParams [9
0m(D:\GarudaUI\intern_kranthi_unified_state\backen
d\[39mnode_modules\[4m@nestjs[24m\core\injector
\injector.js:170:24[90m)[39m
    at async Injector.loadInstance [90m(D:\Garuda
UI\intern_kranthi_unified_state\backend\[39mnode_
modules\[4m@nestjs[24m\core\injector\injector.js
:75:13[90m)[39m
    at async Injector.loadProvider [90m(D:\Garuda
UI\intern_kranthi_unified_state\backend\[39mnode_
modules\[4m@nestjs[24m\core\injector\injector.js
:103:9[90m)[39m
    at async [90mD:\GarudaUI\intern_kranthi_unifi
ed_state\backend\[39mnode_modules\[4m@nestjs[24
m\core\injector\instance-loader.js:56:13
    at async Promise.all (index 4)
    at async 
InstanceLoader.createInstancesOfProviders [90m(D:
\GarudaUI\intern_kranthi_unified_state\backend\[3
9mnode_modules\[4m@nestjs[24m\core\injector\inst
ance-loader.js:55:9[90m)[39m
    at async [90mD:\GarudaUI\intern_kranthi_unifi
ed_state\backend\[39mnode_modules\[4m@nestjs[24
m\core\injector\instance-loader.js:40:13
